[ 16.11.2020 - 18:34:53 ]
    (MSG) [2] in SMILExtract : openSMILE starting!
[ 16.11.2020 - 18:34:53 ]
    (MSG) [2] in SMILExtract : config file is: /root/opensmile-2.3.0/config/ComParE_2016.conf
[ 16.11.2020 - 18:34:53 ]
    (MSG) [2] in cComponentManager : successfully registered 96 component types.
[ 16.11.2020 - 18:34:53 ]
    (MSG) [2] in instance 'lldhtksink' : No filename given, disabling this sink component.
[ 16.11.2020 - 18:34:53 ]
    (MSG) [2] in instance 'lldarffsink' : No filename given, disabling this sink component.
[ 16.11.2020 - 18:34:53 ]
    (MSG) [2] in instance 'arffsink' : No filename given, disabling this sink component.
[ 16.11.2020 - 18:34:53 ]
    (MSG) [2] in instance 'csvsink' : No filename given, disabling this sink component.
[ 16.11.2020 - 18:34:53 ]
    (MSG) [2] in instance 'htksink' : No filename given, disabling this sink component.
[ 16.11.2020 - 18:34:53 ]
    (MSG) [2] in cComponentManager : successfully finished createInstances
                                 (48 component instances were finalised, 1 data memories were finalised)
[ 16.11.2020 - 18:34:53 ]
    (MSG) [2] in cComponentManager : starting single thread processing loop
[ 16.11.2020 - 18:34:55 ]
    (MSG) [2] in cComponentManager : Processing finished! System ran for 557 ticks.
